<?xml version="1.0" encoding="UTF-8"?>
<testng-results ignored="0" total="11" passed="11" failed="0" skipped="0">
  <reporter-output>
  </reporter-output>
  <suite started-at="2025-03-22T08:22:55 WIB" name="Surefire suite" finished-at="2025-03-22T08:23:44 WIB" duration-ms="49557">
    <groups>
      <group name="cucumber">
        <method signature="AbstractTestNGCucumberTests.runScenario(io.cucumber.testng.PickleWrapper,io.cucumber.testng.FeatureWrapper)[pri:0, instance:runners.TestRunnerTestNg@45dd4eda]" name="runScenario" class="io.cucumber.testng.AbstractTestNGCucumberTests"/>
      </group> <!-- cucumber -->
    </groups>
    <test started-at="2025-03-22T08:22:55 WIB" name="Surefire test" finished-at="2025-03-22T08:23:44 WIB" duration-ms="49557">
      <class name="automation.LoginTest">
        <test-method is-config="true" signature="setUp()[pri:0, instance:automation.LoginTest@78047b92]" started-at="2025-03-22T08:23:37 WIB" name="setUp" finished-at="2025-03-22T08:23:39 WIB" duration-ms="2727" status="PASS">
          <reporter-output>
          </reporter-output>
        </test-method> <!-- setUp -->
        <test-method signature="testValidLogin()[pri:0, instance:automation.LoginTest@78047b92]" started-at="2025-03-22T08:23:39 WIB" name="testValidLogin" finished-at="2025-03-22T08:23:40 WIB" duration-ms="744" status="PASS">
          <reporter-output>
          </reporter-output>
        </test-method> <!-- testValidLogin -->
        <test-method is-config="true" signature="tearDown()[pri:0, instance:automation.LoginTest@78047b92]" started-at="2025-03-22T08:23:40 WIB" name="tearDown" finished-at="2025-03-22T08:23:40 WIB" duration-ms="178" status="PASS">
          <reporter-output>
          </reporter-output>
        </test-method> <!-- tearDown -->
      </class> <!-- automation.LoginTest -->
      <class name="runners.TestRunnerTestNg">
        <test-method is-config="true" signature="setUpClass(org.testng.ITestContext)[pri:0, instance:runners.TestRunnerTestNg@45dd4eda]" started-at="2025-03-22T08:22:55 WIB" name="setUpClass" finished-at="2025-03-22T08:22:56 WIB" duration-ms="833" status="PASS">
          <params>
            <param index="0">
              <value>
                <![CDATA[org.testng.TestRunner@2589d787]]>
              </value>
            </param>
          </params>
          <reporter-output>
          </reporter-output>
        </test-method> <!-- setUpClass -->
        <test-method signature="runScenario(io.cucumber.testng.PickleWrapper,io.cucumber.testng.FeatureWrapper)[pri:0, instance:runners.TestRunnerTestNg@45dd4eda]" started-at="2025-03-22T08:22:56 WIB" name="runScenario" description="Runs Cucumber Scenarios" data-provider="scenarios" finished-at="2025-03-22T08:23:03 WIB" duration-ms="7097" status="PASS">
          <params>
            <param index="0">
              <value>
                <![CDATA["Create Order Positive Case"]]>
              </value>
            </param>
            <param index="1">
              <value>
                <![CDATA["Checkout the order from saucedemo"]]>
              </value>
            </param>
          </params>
          <reporter-output>
          </reporter-output>
        </test-method> <!-- runScenario -->
        <test-method signature="runScenario(io.cucumber.testng.PickleWrapper,io.cucumber.testng.FeatureWrapper)[pri:0, instance:runners.TestRunnerTestNg@45dd4eda]" started-at="2025-03-22T08:23:03 WIB" name="runScenario" description="Runs Cucumber Scenarios" data-provider="scenarios" finished-at="2025-03-22T08:23:06 WIB" duration-ms="3784" status="PASS">
          <params>
            <param index="0">
              <value>
                <![CDATA["User should be able to login with valid credential"]]>
              </value>
            </param>
            <param index="1">
              <value>
                <![CDATA["Successfully logged in"]]>
              </value>
            </param>
          </params>
          <reporter-output>
          </reporter-output>
        </test-method> <!-- runScenario -->
        <test-method signature="runScenario(io.cucumber.testng.PickleWrapper,io.cucumber.testng.FeatureWrapper)[pri:0, instance:runners.TestRunnerTestNg@45dd4eda]" started-at="2025-03-22T08:23:06 WIB" name="runScenario" description="Runs Cucumber Scenarios" data-provider="scenarios" finished-at="2025-03-22T08:23:10 WIB" duration-ms="3684" status="PASS">
          <params>
            <param index="0">
              <value>
                <![CDATA["User should be able to login with valid credential"]]>
              </value>
            </param>
            <param index="1">
              <value>
                <![CDATA["Successfully logged in"]]>
              </value>
            </param>
          </params>
          <reporter-output>
          </reporter-output>
        </test-method> <!-- runScenario -->
        <test-method signature="runScenario(io.cucumber.testng.PickleWrapper,io.cucumber.testng.FeatureWrapper)[pri:0, instance:runners.TestRunnerTestNg@45dd4eda]" started-at="2025-03-22T08:23:10 WIB" name="runScenario" description="Runs Cucumber Scenarios" data-provider="scenarios" finished-at="2025-03-22T08:23:19 WIB" duration-ms="9282" status="PASS">
          <params>
            <param index="0">
              <value>
                <![CDATA["User should be able to login with valid credential"]]>
              </value>
            </param>
            <param index="1">
              <value>
                <![CDATA["Successfully logged in"]]>
              </value>
            </param>
          </params>
          <reporter-output>
          </reporter-output>
        </test-method> <!-- runScenario -->
        <test-method signature="runScenario(io.cucumber.testng.PickleWrapper,io.cucumber.testng.FeatureWrapper)[pri:0, instance:runners.TestRunnerTestNg@45dd4eda]" started-at="2025-03-22T08:23:19 WIB" name="runScenario" description="Runs Cucumber Scenarios" data-provider="scenarios" finished-at="2025-03-22T08:23:23 WIB" duration-ms="3467" status="PASS">
          <params>
            <param index="0">
              <value>
                <![CDATA["User should not be able to login with invalid credential"]]>
              </value>
            </param>
            <param index="1">
              <value>
                <![CDATA["Successfully logged in"]]>
              </value>
            </param>
          </params>
          <reporter-output>
          </reporter-output>
        </test-method> <!-- runScenario -->
        <test-method signature="runScenario(io.cucumber.testng.PickleWrapper,io.cucumber.testng.FeatureWrapper)[pri:0, instance:runners.TestRunnerTestNg@45dd4eda]" started-at="2025-03-22T08:23:23 WIB" name="runScenario" description="Runs Cucumber Scenarios" data-provider="scenarios" finished-at="2025-03-22T08:23:26 WIB" duration-ms="3307" status="PASS">
          <params>
            <param index="0">
              <value>
                <![CDATA["User should not be able to login with invalid credential"]]>
              </value>
            </param>
            <param index="1">
              <value>
                <![CDATA["Successfully logged in"]]>
              </value>
            </param>
          </params>
          <reporter-output>
          </reporter-output>
        </test-method> <!-- runScenario -->
        <test-method signature="runScenario(io.cucumber.testng.PickleWrapper,io.cucumber.testng.FeatureWrapper)[pri:0, instance:runners.TestRunnerTestNg@45dd4eda]" started-at="2025-03-22T08:23:26 WIB" name="runScenario" description="Runs Cucumber Scenarios" data-provider="scenarios" finished-at="2025-03-22T08:23:30 WIB" duration-ms="3523" status="PASS">
          <params>
            <param index="0">
              <value>
                <![CDATA["User should not be able to login with invalid credential"]]>
              </value>
            </param>
            <param index="1">
              <value>
                <![CDATA["Successfully logged in"]]>
              </value>
            </param>
          </params>
          <reporter-output>
          </reporter-output>
        </test-method> <!-- runScenario -->
        <test-method signature="runScenario(io.cucumber.testng.PickleWrapper,io.cucumber.testng.FeatureWrapper)[pri:0, instance:runners.TestRunnerTestNg@45dd4eda]" started-at="2025-03-22T08:23:30 WIB" name="runScenario" description="Runs Cucumber Scenarios" data-provider="scenarios" finished-at="2025-03-22T08:23:33 WIB" duration-ms="3300" status="PASS">
          <params>
            <param index="0">
              <value>
                <![CDATA["User should not be able to login with invalid credential"]]>
              </value>
            </param>
            <param index="1">
              <value>
                <![CDATA["Successfully logged in"]]>
              </value>
            </param>
          </params>
          <reporter-output>
          </reporter-output>
        </test-method> <!-- runScenario -->
        <test-method signature="runScenario(io.cucumber.testng.PickleWrapper,io.cucumber.testng.FeatureWrapper)[pri:0, instance:runners.TestRunnerTestNg@45dd4eda]" started-at="2025-03-22T08:23:33 WIB" name="runScenario" description="Runs Cucumber Scenarios" data-provider="scenarios" finished-at="2025-03-22T08:23:37 WIB" duration-ms="3531" status="PASS">
          <params>
            <param index="0">
              <value>
                <![CDATA["User should not be able to login with invalid credential"]]>
              </value>
            </param>
            <param index="1">
              <value>
                <![CDATA["Successfully logged in"]]>
              </value>
            </param>
          </params>
          <reporter-output>
          </reporter-output>
        </test-method> <!-- runScenario -->
        <test-method is-config="true" signature="tearDownClass()[pri:0, instance:runners.TestRunnerTestNg@45dd4eda]" started-at="2025-03-22T08:23:37 WIB" name="tearDownClass" finished-at="2025-03-22T08:23:37 WIB" duration-ms="88" status="PASS">
          <reporter-output>
          </reporter-output>
        </test-method> <!-- tearDownClass -->
      </class> <!-- runners.TestRunnerTestNg -->
      <class name="automation.CheckOutOrderTest">
        <test-method is-config="true" signature="setUp()[pri:0, instance:automation.CheckOutOrderTest@6b4a4e18]" started-at="2025-03-22T08:23:40 WIB" name="setUp" finished-at="2025-03-22T08:23:43 WIB" duration-ms="2481" status="PASS">
          <reporter-output>
          </reporter-output>
        </test-method> <!-- setUp -->
        <test-method signature="testCheckOutOrder()[pri:0, instance:automation.CheckOutOrderTest@6b4a4e18]" started-at="2025-03-22T08:23:43 WIB" name="testCheckOutOrder" finished-at="2025-03-22T08:23:44 WIB" duration-ms="1313" status="PASS">
          <reporter-output>
          </reporter-output>
        </test-method> <!-- testCheckOutOrder -->
        <test-method is-config="true" signature="tearDown()[pri:0, instance:automation.CheckOutOrderTest@6b4a4e18]" started-at="2025-03-22T08:23:44 WIB" name="tearDown" finished-at="2025-03-22T08:23:44 WIB" duration-ms="166" status="PASS">
          <reporter-output>
          </reporter-output>
        </test-method> <!-- tearDown -->
      </class> <!-- automation.CheckOutOrderTest -->
    </test> <!-- Surefire test -->
  </suite> <!-- Surefire suite -->
</testng-results>
