<?xml version="1.0" encoding="UTF-8"?>
<testng-results ignored="0" total="11" passed="11" failed="0" skipped="0">
  <reporter-output>
  </reporter-output>
  <suite started-at="2025-03-22T08:33:19 WIB" name="Surefire suite" finished-at="2025-03-22T08:34:16 WIB" duration-ms="57017">
    <groups>
      <group name="cucumber">
        <method signature="AbstractTestNGCucumberTests.runScenario(io.cucumber.testng.PickleWrapper,io.cucumber.testng.FeatureWrapper)[pri:0, instance:runners.TestRunnerTestNg@2b6856dd]" name="runScenario" class="io.cucumber.testng.AbstractTestNGCucumberTests"/>
      </group> <!-- cucumber -->
    </groups>
    <test started-at="2025-03-22T08:33:19 WIB" name="Surefire test" finished-at="2025-03-22T08:34:16 WIB" duration-ms="57017">
      <class name="automation.LoginTest">
        <test-method is-config="true" signature="setUp()[pri:0, instance:automation.LoginTest@3bd40a57]" started-at="2025-03-22T08:34:06 WIB" name="setUp" finished-at="2025-03-22T08:34:09 WIB" duration-ms="3694" status="PASS">
          <reporter-output>
          </reporter-output>
        </test-method> <!-- setUp -->
        <test-method signature="testValidLogin()[pri:0, instance:automation.LoginTest@3bd40a57]" started-at="2025-03-22T08:34:09 WIB" name="testValidLogin" finished-at="2025-03-22T08:34:10 WIB" duration-ms="1206" status="PASS">
          <reporter-output>
          </reporter-output>
        </test-method> <!-- testValidLogin -->
        <test-method is-config="true" signature="tearDown()[pri:0, instance:automation.LoginTest@3bd40a57]" started-at="2025-03-22T08:34:10 WIB" name="tearDown" finished-at="2025-03-22T08:34:11 WIB" duration-ms="237" status="PASS">
          <reporter-output>
          </reporter-output>
        </test-method> <!-- tearDown -->
      </class> <!-- automation.LoginTest -->
      <class name="runners.TestRunnerTestNg">
        <test-method is-config="true" signature="setUpClass(org.testng.ITestContext)[pri:0, instance:runners.TestRunnerTestNg@2b6856dd]" started-at="2025-03-22T08:33:19 WIB" name="setUpClass" finished-at="2025-03-22T08:33:22 WIB" duration-ms="2841" status="PASS">
          <params>
            <param index="0">
              <value>
                <![CDATA[org.testng.TestRunner@11f23038]]>
              </value>
            </param>
          </params>
          <reporter-output>
          </reporter-output>
        </test-method> <!-- setUpClass -->
        <test-method signature="runScenario(io.cucumber.testng.PickleWrapper,io.cucumber.testng.FeatureWrapper)[pri:0, instance:runners.TestRunnerTestNg@2b6856dd]" started-at="2025-03-22T08:33:22 WIB" name="runScenario" description="Runs Cucumber Scenarios" data-provider="scenarios" finished-at="2025-03-22T08:33:30 WIB" duration-ms="8497" status="PASS">
          <params>
            <param index="0">
              <value>
                <![CDATA["Create Order Positive Case"]]>
              </value>
            </param>
            <param index="1">
              <value>
                <![CDATA["Checkout the order from saucedemo"]]>
              </value>
            </param>
          </params>
          <reporter-output>
          </reporter-output>
        </test-method> <!-- runScenario -->
        <test-method signature="runScenario(io.cucumber.testng.PickleWrapper,io.cucumber.testng.FeatureWrapper)[pri:0, instance:runners.TestRunnerTestNg@2b6856dd]" started-at="2025-03-22T08:33:30 WIB" name="runScenario" description="Runs Cucumber Scenarios" data-provider="scenarios" finished-at="2025-03-22T08:33:34 WIB" duration-ms="3853" status="PASS">
          <params>
            <param index="0">
              <value>
                <![CDATA["User should be able to login with valid credential"]]>
              </value>
            </param>
            <param index="1">
              <value>
                <![CDATA["Successfully logged in"]]>
              </value>
            </param>
          </params>
          <reporter-output>
          </reporter-output>
        </test-method> <!-- runScenario -->
        <test-method signature="runScenario(io.cucumber.testng.PickleWrapper,io.cucumber.testng.FeatureWrapper)[pri:0, instance:runners.TestRunnerTestNg@2b6856dd]" started-at="2025-03-22T08:33:34 WIB" name="runScenario" description="Runs Cucumber Scenarios" data-provider="scenarios" finished-at="2025-03-22T08:33:38 WIB" duration-ms="4065" status="PASS">
          <params>
            <param index="0">
              <value>
                <![CDATA["User should be able to login with valid credential"]]>
              </value>
            </param>
            <param index="1">
              <value>
                <![CDATA["Successfully logged in"]]>
              </value>
            </param>
          </params>
          <reporter-output>
          </reporter-output>
        </test-method> <!-- runScenario -->
        <test-method signature="runScenario(io.cucumber.testng.PickleWrapper,io.cucumber.testng.FeatureWrapper)[pri:0, instance:runners.TestRunnerTestNg@2b6856dd]" started-at="2025-03-22T08:33:38 WIB" name="runScenario" description="Runs Cucumber Scenarios" data-provider="scenarios" finished-at="2025-03-22T08:33:47 WIB" duration-ms="8853" status="PASS">
          <params>
            <param index="0">
              <value>
                <![CDATA["User should be able to login with valid credential"]]>
              </value>
            </param>
            <param index="1">
              <value>
                <![CDATA["Successfully logged in"]]>
              </value>
            </param>
          </params>
          <reporter-output>
          </reporter-output>
        </test-method> <!-- runScenario -->
        <test-method signature="runScenario(io.cucumber.testng.PickleWrapper,io.cucumber.testng.FeatureWrapper)[pri:0, instance:runners.TestRunnerTestNg@2b6856dd]" started-at="2025-03-22T08:33:47 WIB" name="runScenario" description="Runs Cucumber Scenarios" data-provider="scenarios" finished-at="2025-03-22T08:33:51 WIB" duration-ms="4264" status="PASS">
          <params>
            <param index="0">
              <value>
                <![CDATA["User should not be able to login with invalid credential"]]>
              </value>
            </param>
            <param index="1">
              <value>
                <![CDATA["Successfully logged in"]]>
              </value>
            </param>
          </params>
          <reporter-output>
          </reporter-output>
        </test-method> <!-- runScenario -->
        <test-method signature="runScenario(io.cucumber.testng.PickleWrapper,io.cucumber.testng.FeatureWrapper)[pri:0, instance:runners.TestRunnerTestNg@2b6856dd]" started-at="2025-03-22T08:33:51 WIB" name="runScenario" description="Runs Cucumber Scenarios" data-provider="scenarios" finished-at="2025-03-22T08:33:55 WIB" duration-ms="3599" status="PASS">
          <params>
            <param index="0">
              <value>
                <![CDATA["User should not be able to login with invalid credential"]]>
              </value>
            </param>
            <param index="1">
              <value>
                <![CDATA["Successfully logged in"]]>
              </value>
            </param>
          </params>
          <reporter-output>
          </reporter-output>
        </test-method> <!-- runScenario -->
        <test-method signature="runScenario(io.cucumber.testng.PickleWrapper,io.cucumber.testng.FeatureWrapper)[pri:0, instance:runners.TestRunnerTestNg@2b6856dd]" started-at="2025-03-22T08:33:55 WIB" name="runScenario" description="Runs Cucumber Scenarios" data-provider="scenarios" finished-at="2025-03-22T08:33:59 WIB" duration-ms="3704" status="PASS">
          <params>
            <param index="0">
              <value>
                <![CDATA["User should not be able to login with invalid credential"]]>
              </value>
            </param>
            <param index="1">
              <value>
                <![CDATA["Successfully logged in"]]>
              </value>
            </param>
          </params>
          <reporter-output>
          </reporter-output>
        </test-method> <!-- runScenario -->
        <test-method signature="runScenario(io.cucumber.testng.PickleWrapper,io.cucumber.testng.FeatureWrapper)[pri:0, instance:runners.TestRunnerTestNg@2b6856dd]" started-at="2025-03-22T08:33:59 WIB" name="runScenario" description="Runs Cucumber Scenarios" data-provider="scenarios" finished-at="2025-03-22T08:34:02 WIB" duration-ms="3403" status="PASS">
          <params>
            <param index="0">
              <value>
                <![CDATA["User should not be able to login with invalid credential"]]>
              </value>
            </param>
            <param index="1">
              <value>
                <![CDATA["Successfully logged in"]]>
              </value>
            </param>
          </params>
          <reporter-output>
          </reporter-output>
        </test-method> <!-- runScenario -->
        <test-method signature="runScenario(io.cucumber.testng.PickleWrapper,io.cucumber.testng.FeatureWrapper)[pri:0, instance:runners.TestRunnerTestNg@2b6856dd]" started-at="2025-03-22T08:34:02 WIB" name="runScenario" description="Runs Cucumber Scenarios" data-provider="scenarios" finished-at="2025-03-22T08:34:05 WIB" duration-ms="3421" status="PASS">
          <params>
            <param index="0">
              <value>
                <![CDATA["User should not be able to login with invalid credential"]]>
              </value>
            </param>
            <param index="1">
              <value>
                <![CDATA["Successfully logged in"]]>
              </value>
            </param>
          </params>
          <reporter-output>
          </reporter-output>
        </test-method> <!-- runScenario -->
        <test-method is-config="true" signature="tearDownClass()[pri:0, instance:runners.TestRunnerTestNg@2b6856dd]" started-at="2025-03-22T08:34:05 WIB" name="tearDownClass" finished-at="2025-03-22T08:34:06 WIB" duration-ms="78" status="PASS">
          <reporter-output>
          </reporter-output>
        </test-method> <!-- tearDownClass -->
      </class> <!-- runners.TestRunnerTestNg -->
      <class name="automation.CheckOutOrderTest">
        <test-method is-config="true" signature="setUp()[pri:0, instance:automation.CheckOutOrderTest@4b44655e]" started-at="2025-03-22T08:34:11 WIB" name="setUp" finished-at="2025-03-22T08:34:14 WIB" duration-ms="3622" status="PASS">
          <reporter-output>
          </reporter-output>
        </test-method> <!-- setUp -->
        <test-method signature="testCheckOutOrder()[pri:0, instance:automation.CheckOutOrderTest@4b44655e]" started-at="2025-03-22T08:34:14 WIB" name="testCheckOutOrder" finished-at="2025-03-22T08:34:16 WIB" duration-ms="1401" status="PASS">
          <reporter-output>
          </reporter-output>
        </test-method> <!-- testCheckOutOrder -->
        <test-method is-config="true" signature="tearDown()[pri:0, instance:automation.CheckOutOrderTest@4b44655e]" started-at="2025-03-22T08:34:16 WIB" name="tearDown" finished-at="2025-03-22T08:34:16 WIB" duration-ms="203" status="PASS">
          <reporter-output>
          </reporter-output>
        </test-method> <!-- tearDown -->
      </class> <!-- automation.CheckOutOrderTest -->
    </test> <!-- Surefire test -->
  </suite> <!-- Surefire suite -->
</testng-results>
